REPOSITORY               TAG       IMAGE ID       CREATED         SIZE
alexey/ubuntu-tmp-file   latest    bdb5cff5001d   2 hours ago     63.3MB
nginx                    latest    35c43ace9216   2 weeks ago     133MB
ubuntu                   18.04     c090eaba6b94   5 weeks ago     63.3MB
hello-world              latest    bf756fb1ae65   14 months ago   13.3kB


-------------------------------------------------------
Объяснить, чем отличается контейнер от образа на основе
сравнения вывода команд:
docker inspect <u_container_id>
docker inspect <u_image_id>
-------------------------------------------------------

В отличии от контейнера, образ не изменяется и содержит неизменяемые слои в ФС (read-only).
Слои образа представлены в секции:

"RootFS": {
            "Type": "layers",
            "Layers": [
          ...
  
          ]

После создания нового образа путем коммита контейнера, docker создаст еще один новый слой.
В выводе информации об образе содержатся сведения о запущенном контейнере:

"Container": "..."
"Hostname": "..."


Контейнер представляет собой запущенный экземпляр образа.
В отличии от образа, он имеет свои собственные аттрибуты - имя, время создания, статус, запущен или остановлен, сетевые настройки, выделенные ресурсы и т.д.
При запуске контейнера в ФС содается верхний изменяемый слой (в режиме Read-Write).
Запущенный контейнер ссылается на образ, на основе которого он был создан:

"Image": "sha256: ..."
   ...
   Image": "ubuntu:18.04"

